c:\dev\c++\aeye framework\cmp304\cmp304_week2\tbsgame\x64\debug\ai_framework.pdb
c:\dev\c++\aeye framework\cmp304\cmp304_week2\tbsgame\x64\debug\ai_framework.idb
c:\dev\c++\aeye framework\cmp304\cmp304_week2\ai_framework\x64\debug\aioption.obj
c:\dev\c++\aeye framework\cmp304\cmp304_week2\ai_framework\x64\debug\airandom_global.obj
c:\dev\c++\aeye framework\cmp304\cmp304_week2\ai_framework\x64\debug\aimath_global.obj
c:\dev\c++\aeye framework\cmp304\cmp304_week2\ai_framework\x64\debug\ailogger_global.obj
c:\dev\c++\aeye framework\cmp304\cmp304_week2\ai_framework\x64\debug\aiblackboard_global.obj
c:\dev\c++\aeye framework\cmp304\cmp304_week2\ai_framework\x64\debug\aiconsideration.obj
c:\dev\c++\aeye framework\cmp304\cmp304_week2\ai_framework\x64\debug\aibrainblackboard.obj
c:\dev\c++\aeye framework\cmp304\cmp304_week2\ai_framework\x64\debug\ai_framework.obj
c:\dev\c++\aeye framework\cmp304\cmp304_week2\ai_framework\x64\debug\aireasonerbase.obj
c:\dev\c++\aeye framework\cmp304\cmp304_week2\ai_framework\x64\debug\aioptionbase.obj
c:\dev\c++\aeye framework\cmp304\cmp304_week2\ai_framework\x64\debug\aiconstructorbase.obj
c:\dev\c++\aeye framework\cmp304\cmp304_week2\ai_framework\x64\debug\aiconsiderationbase.obj
c:\dev\c++\aeye framework\cmp304\cmp304_week2\ai_framework\x64\debug\aibrainblackboardbase.obj
c:\dev\c++\aeye framework\cmp304\cmp304_week2\ai_framework\x64\debug\aibrainbase.obj
c:\dev\c++\aeye framework\cmp304\cmp304_week2\ai_framework\x64\debug\aiactorbase.obj
c:\dev\c++\aeye framework\cmp304\cmp304_week2\ai_framework\x64\debug\aiactionbase.obj
c:\dev\c++\aeye framework\cmp304\cmp304_week2\ai_framework\x64\debug\aiactionsubreasoner.obj
c:\dev\c++\aeye framework\cmp304\cmp304_week2\ai_framework\x64\debug\aiaction.obj
c:\dev\c++\aeye framework\cmp304\cmp304_week2\ai_framework\x64\debug\ai_framework.pch
c:\dev\c++\aeye framework\cmp304\cmp304_week2\ai_framework\x64\debug\pch.obj
c:\dev\c++\aeye framework\cmp304\cmp304_week2\tbsgame\x64\debug\ai_framework.lib
c:\dev\c++\aeye framework\cmp304\cmp304_week2\ai_framework\x64\debug\ai_framework.tlog\cl.command.1.tlog
c:\dev\c++\aeye framework\cmp304\cmp304_week2\ai_framework\x64\debug\ai_framework.tlog\cl.items.tlog
c:\dev\c++\aeye framework\cmp304\cmp304_week2\ai_framework\x64\debug\ai_framework.tlog\cl.read.1.tlog
c:\dev\c++\aeye framework\cmp304\cmp304_week2\ai_framework\x64\debug\ai_framework.tlog\cl.write.1.tlog
c:\dev\c++\aeye framework\cmp304\cmp304_week2\ai_framework\x64\debug\ai_framework.tlog\lib-link.read.1.tlog
c:\dev\c++\aeye framework\cmp304\cmp304_week2\ai_framework\x64\debug\ai_framework.tlog\lib-link.write.1.tlog
c:\dev\c++\aeye framework\cmp304\cmp304_week2\ai_framework\x64\debug\ai_framework.tlog\lib.command.1.tlog
