d:\cmp304_week1\stealthgame\x64\debug\vc145.pdb
d:\cmp304_week1\stealthgame\x64\debug\vc145.idb
d:\cmp304_week1\stealthgame\x64\debug\stealthgame.obj
d:\cmp304_week1\stealthgame\x64\debug\gamecontroller.obj
d:\cmp304_week1\stealthgame\x64\debug\fsm_reasoner.obj
d:\cmp304_week1\stealthgame\x64\debug\aiconstructor_fsm_stealth.obj
d:\cmp304_week1\stealthgame\x64\debug\aibrain_fsm.obj
d:\cmp304_week1\stealthgame\x64\debug\aiactor_guard.obj
d:\cmp304_week1\x64\debug\stealthgame.exe
d:\cmp304_week1\x64\debug\stealthgame.pdb
d:\cmp304_week1\stealthgame\x64\debug\stealthgame.ilk
d:\cmp304_week1\stealthgame\x64\debug\vc143.idb
d:\cmp304_week1\stealthgame\x64\debug\vc143.pdb
d:\cmp304_week1\stealthgame\x64\debug\stealthgame.tlog\cl.command.1.tlog
d:\cmp304_week1\stealthgame\x64\debug\stealthgame.tlog\cl.items.tlog
d:\cmp304_week1\stealthgame\x64\debug\stealthgame.tlog\cl.read.1.tlog
d:\cmp304_week1\stealthgame\x64\debug\stealthgame.tlog\cl.write.1.tlog
d:\cmp304_week1\stealthgame\x64\debug\stealthgame.tlog\link.command.1.tlog
d:\cmp304_week1\stealthgame\x64\debug\stealthgame.tlog\link.read.1.tlog
d:\cmp304_week1\stealthgame\x64\debug\stealthgame.tlog\link.secondary.1.tlog
d:\cmp304_week1\stealthgame\x64\debug\stealthgame.tlog\link.write.1.tlog
